<?xml version="1.0" encoding="UTF-8"?>
<!-- Generated by org.testng.reporters.JUnitReportReporter -->
<testsuite hostname="pop-os" failures="0" tests="1" name="MyTest" time="0.003" errors="0" timestamp="2023-04-01T19:35:30 BRT" skipped="0">
  <testcase classname="MyTest" name="runTests" time="0.003"/>
  <system-out/>
</testsuite> <!-- MyTest -->
